#
# There is insufficient memory for the Java Runtime Environment to continue.
# Native memory allocation (mmap) failed to map 264241152 bytes. Error detail: G1 virtual space
# Possible reasons:
#   The system is out of physical RAM or swap space
#   This process is running with CompressedOops enabled, and the Java Heap may be blocking the growth of the native heap
# Possible solutions:
#   Reduce memory load on the system
#   Increase physical memory or swap space
#   Check if swap backing store is full
#   Decrease Java heap size (-Xmx/-Xms)
#   Decrease number of Java threads
#   Decrease Java thread stack sizes (-Xss)
#   Set larger code cache with -XX:ReservedCodeCacheSize=
#   JVM is running with Zero Based Compressed Oops mode in which the Java heap is
#     placed in the first 32GB address space. The Java Heap base address is the
#     maximum limit for the native heap growth. Please use -XX:HeapBaseMinAddress
#     to set the Java Heap base and to place the Java Heap above 32GB virtual address.
# This output file may be truncated or incomplete.
#
#  Out of Memory Error (os_windows.cpp:3825), pid=32120, tid=32788
#
# JRE version:  (17.0.11) (build )
# Java VM: OpenJDK 64-Bit Server VM (17.0.11+0--11852314, mixed mode, sharing, tiered, compressed oops, compressed class ptrs, g1 gc, windows-amd64)
# No core dump will be written. Minidumps are not enabled by default on client versions of Windows
#

---------------  S U M M A R Y ------------

Command Line: org.jetbrains.kotlin.cli.jvm.K2JVMCompiler @D:\~=SEMESTER 5=~\PAPB\PRAKTIKUM\2\SimpleComposeView-master\app\build\20241007_17198537449272373634.compiler.options

Host: 12th Gen Intel(R) Core(TM) i7-1255U, 12 cores, 15G,  Windows 11 , 64 bit Build 22621 (10.0.22621.3958)
Time: Mon Oct  7 21:17:38 2024 SE Asia Standard Time elapsed time: 0.007101 seconds (0d 0h 0m 0s)

---------------  T H R E A D  ---------------

Current thread (0x00000210619feaf0):  JavaThread "Unknown thread" [_thread_in_vm, id=32788, stack(0x000000361a800000,0x000000361a900000)]

Stack: [0x000000361a800000,0x000000361a900000]
Native frames: (J=compiled Java code, j=interpreted, Vv=VM code, C=native code)
V  [jvm.dll+0x687bb9]
V  [jvm.dll+0x84142a]
V  [jvm.dll+0x8430ae]
V  [jvm.dll+0x843713]
V  [jvm.dll+0x24a35f]
V  [jvm.dll+0x684989]
V  [jvm.dll+0x67923a]
V  [jvm.dll+0x30af0b]
V  [jvm.dll+0x3123b6]
V  [jvm.dll+0x361dfe]
V  [jvm.dll+0x36202f]
V  [jvm.dll+0x2e0d38]
V  [jvm.dll+0x2e1ca4]
V  [jvm.dll+0x811f21]
V  [jvm.dll+0x36fb68]
V  [jvm.dll+0x7f0896]
V  [jvm.dll+0x3f3d2f]
V  [jvm.dll+0x3f58e1]
C  [jli.dll+0x528f]
C  [ucrtbase.dll+0x29333]
C  [KERNEL32.DLL+0x1257d]
C  [ntdll.dll+0x5af28]


---------------  P R O C E S S  ---------------

Threads class SMR info:
_java_thread_list=0x00007ffa8a30efd8, length=0, elements={
}

Java Threads: ( => current thread )

Other Threads:
  0x0000021061a6ad40 GCTaskThread "GC Thread#0" [stack: 0x000000361a900000,0x000000361aa00000] [id=27176]
  0x0000021061a7b850 ConcurrentGCThread "G1 Main Marker" [stack: 0x000000361aa00000,0x000000361ab00000] [id=5840]
  0x0000021061a7d280 ConcurrentGCThread "G1 Conc#0" [stack: 0x000000361ab00000,0x000000361ac00000] [id=18260]

[error occurred during error reporting (printing all threads), id 0xc0000005, EXCEPTION_ACCESS_VIOLATION (0xc0000005) at pc=0x00007ffa89ac1907]

VM state: not at safepoint (not fully initialized)

VM Mutex/Monitor currently owned by a thread:  ([mutex/lock_event])
[0x00000210619fe150] Heap_lock - owner thread: 0x00000210619feaf0

Heap address: 0x0000000704400000, size: 4028 MB, Compressed Oops mode: Zero based, Oop shift amount: 3

CDS archive(s) mapped at: [0x0000000000000000-0x0000000000000000-0x0000000000000000), size 0, SharedBaseAddress: 0x0000000800000000, ArchiveRelocationMode: 1.
Narrow klass base: 0x0000000000000000, Narrow klass shift: 0, Narrow klass range: 0x0

GC Precious Log:
<Empty>

Heap:
 garbage-first heap   total 0K, used 0K [0x0000000704400000, 0x0000000800000000)
  region size 2048K, 0 young (0K), 0 survivors (0K)
 Metaspace       used 0K, committed 0K, reserved 0K
  class space    used 0K, committed 0K, reserved 0K

Heap Regions: E=young(eden), S=young(survivor), O=old, HS=humongous(starts), HC=humongous(continues), CS=collection set, F=free, OA=open archive, CA=closed archive, TAMS=top-at-mark-start (previous, next)

Card table byte_map: [0x0000021074c00000,0x00000210753e0000] _byte_map_base: 0x00000210713de000

Marking Bits (Prev, Next): (CMBitMap*) 0x0000021061a6b360, (CMBitMap*) 0x0000021061a6b3a0
 Prev Bits: [0x0000021075bc0000, 0x0000021079ab0000)
 Next Bits: [0x0000021079ab0000, 0x000002107d9a0000)

GC Heap History (0 events):
No events

Dll operation events (1 events):
Event: 0.004 Loaded shared library E:\AndroidStudio\jbr\bin\java.dll

Deoptimization events (0 events):
No events

Classes unloaded (0 events):
No events

Classes redefined (0 events):
No events

Internal exceptions (0 events):
No events

VM Operations (0 events):
No events

Events (0 events):
No events


Dynamic libraries:
0x00007ff7407f0000 - 0x00007ff7407fa000 	E:\AndroidStudio\jbr\bin\java.exe
0x00007ffb2e1d0000 - 0x00007ffb2e3e7000 	C:\WINDOWS\SYSTEM32\ntdll.dll
0x00007ffb2d210000 - 0x00007ffb2d2d4000 	C:\WINDOWS\System32\KERNEL32.DLL
0x00007ffb2b910000 - 0x00007ffb2bcbd000 	C:\WINDOWS\System32\KERNELBASE.dll
0x00007ffb2b590000 - 0x00007ffb2b6a1000 	C:\WINDOWS\System32\ucrtbase.dll
0x00007ffb10b70000 - 0x00007ffb10b87000 	E:\AndroidStudio\jbr\bin\jli.dll
0x00007ffb009e0000 - 0x00007ffb009fb000 	E:\AndroidStudio\jbr\bin\VCRUNTIME140.dll
0x00007ffb2ceb0000 - 0x00007ffb2d05e000 	C:\WINDOWS\System32\USER32.dll
0x00007ffb2b6b0000 - 0x00007ffb2b6d6000 	C:\WINDOWS\System32\win32u.dll
0x00007ffb2ce80000 - 0x00007ffb2cea9000 	C:\WINDOWS\System32\GDI32.dll
0x00007ffb2bde0000 - 0x00007ffb2bef9000 	C:\WINDOWS\System32\gdi32full.dll
0x00007ffb12890000 - 0x00007ffb12b23000 	C:\WINDOWS\WinSxS\amd64_microsoft.windows.common-controls_6595b64144ccf1df_6.0.22621.3672_none_2713b9d173822955\COMCTL32.dll
0x00007ffb2b4f0000 - 0x00007ffb2b58a000 	C:\WINDOWS\System32\msvcp_win.dll
0x00007ffb2d0a0000 - 0x00007ffb2d147000 	C:\WINDOWS\System32\msvcrt.dll
0x00007ffb2d060000 - 0x00007ffb2d091000 	C:\WINDOWS\System32\IMM32.DLL
0x00007ffb00bf0000 - 0x00007ffb00bfc000 	E:\AndroidStudio\jbr\bin\vcruntime140_1.dll
0x00007ffaca7b0000 - 0x00007ffaca83d000 	E:\AndroidStudio\jbr\bin\msvcp140.dll
0x00007ffa897d0000 - 0x00007ffa8a453000 	E:\AndroidStudio\jbr\bin\server\jvm.dll
0x00007ffb2d150000 - 0x00007ffb2d202000 	C:\WINDOWS\System32\ADVAPI32.dll
0x00007ffb2c890000 - 0x00007ffb2c939000 	C:\WINDOWS\System32\sechost.dll
0x00007ffb2bcc0000 - 0x00007ffb2bce8000 	C:\WINDOWS\System32\bcrypt.dll
0x00007ffb2cb80000 - 0x00007ffb2cc94000 	C:\WINDOWS\System32\RPCRT4.dll
0x00007ffb25800000 - 0x00007ffb25834000 	C:\WINDOWS\SYSTEM32\WINMM.dll
0x00007ffb162d0000 - 0x00007ffb162d9000 	C:\WINDOWS\SYSTEM32\WSOCK32.dll
0x00007ffb2a360000 - 0x00007ffb2a3ad000 	C:\WINDOWS\SYSTEM32\POWRPROF.dll
0x00007ffb2cca0000 - 0x00007ffb2cd11000 	C:\WINDOWS\System32\WS2_32.dll
0x00007ffb268a0000 - 0x00007ffb268aa000 	C:\WINDOWS\SYSTEM32\VERSION.dll
0x00007ffb2a340000 - 0x00007ffb2a353000 	C:\WINDOWS\SYSTEM32\UMPDC.dll
0x00007ffb2a590000 - 0x00007ffb2a5a8000 	C:\WINDOWS\SYSTEM32\kernel.appcore.dll
0x00007ffb160f0000 - 0x00007ffb160fa000 	E:\AndroidStudio\jbr\bin\jimage.dll
0x00007ffb283f0000 - 0x00007ffb28622000 	C:\WINDOWS\SYSTEM32\DBGHELP.DLL
0x00007ffb2da50000 - 0x00007ffb2ddde000 	C:\WINDOWS\System32\combase.dll
0x00007ffb2e0b0000 - 0x00007ffb2e187000 	C:\WINDOWS\System32\OLEAUT32.dll
0x00007ffafcc30000 - 0x00007ffafcc62000 	C:\WINDOWS\SYSTEM32\dbgcore.DLL
0x00007ffb2bd60000 - 0x00007ffb2bddb000 	C:\WINDOWS\System32\bcryptPrimitives.dll
0x00007ffafebb0000 - 0x00007ffafebd5000 	E:\AndroidStudio\jbr\bin\java.dll

dbghelp: loaded successfully - version: 4.0.5 - missing functions: none
symbol engine: initialized successfully - sym options: 0x614 - pdb path: .;E:\AndroidStudio\jbr\bin;C:\WINDOWS\SYSTEM32;C:\WINDOWS\WinSxS\amd64_microsoft.windows.common-controls_6595b64144ccf1df_6.0.22621.3672_none_2713b9d173822955;E:\AndroidStudio\jbr\bin\server

VM Arguments:
java_command: org.jetbrains.kotlin.cli.jvm.K2JVMCompiler @D:\~=SEMESTER 5=~\PAPB\PRAKTIKUM\2\SimpleComposeView-master\app\build\20241007_17198537449272373634.compiler.options
java_class_path (initial): C:\Users\WINDOWS 11\.gradle\caches\modules-2\files-2.1\org.jetbrains.kotlin\kotlin-compiler-embeddable\1.9.0\2c8c3a7402becca891f12739b3e9fd2dc2adbd7a\kotlin-compiler-embeddable-1.9.0.jar;C:\Users\WINDOWS 11\.gradle\caches\modules-2\files-2.1\org.jetbrains.kotlin\kotlin-stdlib\1.9.0\8ee15ef0c67dc83d874f412d84378d7f0eb50b63\kotlin-stdlib-1.9.0.jar;C:\Users\WINDOWS 11\.gradle\caches\modules-2\files-2.1\org.jetbrains.kotlin\kotlin-script-runtime\1.9.0\4b3102cbbb7e1b58d9d1adf89563f00069ffa7d1\kotlin-script-runtime-1.9.0.jar;C:\Users\WINDOWS 11\.gradle\caches\modules-2\files-2.1\org.jetbrains.kotlin\kotlin-reflect\1.6.10\1cbe9c92c12a94eea200d23c2bbaedaf3daf5132\kotlin-reflect-1.6.10.jar;C:\Users\WINDOWS 11\.gradle\caches\modules-2\files-2.1\org.jetbrains.kotlin\kotlin-daemon-embeddable\1.9.0\186543f5e28cf8d9a0290fecc2cf34301c40a65c\kotlin-daemon-embeddable-1.9.0.jar;C:\Users\WINDOWS 11\.gradle\caches\modules-2\files-2.1\org.jetbrains.intellij.deps\trove4j\1.0.20200330\3afb14d5f9ceb459d724e907a21145e8ff394f02\trove4j-1.0.20200330.jar;C:\Users\WINDOWS 11\.gradle\caches\modules-2\files-2.1\org.jetbrains.kotlin\kotlin-stdlib-common\1.9.0\cd65c21cfd1eec4d44ef09f9f52b6d9f8a720636\kotlin-stdlib-common-1.9.0.jar;C:\Users\WINDOWS 11\.gradle\caches\modules-2\files-2.1\org.jetbrains\annotations\13.0\919f0dfe192fb4e063e7dacadee7f8bb9a2672a9\annotations-13.0.jar
Launcher Type: SUN_STANDARD

[Global flags]
     intx CICompilerCount                          = 4                                         {product} {ergonomic}
     uint ConcGCThreads                            = 3                                         {product} {ergonomic}
     uint G1ConcRefinementThreads                  = 10                                        {product} {ergonomic}
   size_t G1HeapRegionSize                         = 2097152                                   {product} {ergonomic}
    uintx GCDrainStackTargetSize                   = 64                                        {product} {ergonomic}
   size_t InitialHeapSize                          = 264241152                                 {product} {ergonomic}
   size_t MarkStackSize                            = 4194304                                   {product} {ergonomic}
   size_t MaxHeapSize                              = 4223664128                                {product} {ergonomic}
   size_t MinHeapDeltaBytes                        = 2097152                                   {product} {ergonomic}
   size_t MinHeapSize                              = 8388608                                   {product} {ergonomic}
    uintx NonNMethodCodeHeapSize                   = 5839372                                {pd product} {ergonomic}
    uintx NonProfiledCodeHeapSize                  = 122909434                              {pd product} {ergonomic}
    uintx ProfiledCodeHeapSize                     = 122909434                              {pd product} {ergonomic}
    uintx ReservedCodeCacheSize                    = 251658240                              {pd product} {ergonomic}
     bool SegmentedCodeCache                       = true                                      {product} {ergonomic}
   size_t SoftMaxHeapSize                          = 4223664128                             {manageable} {ergonomic}
     bool UseCompressedClassPointers               = true                           {product lp64_product} {ergonomic}
     bool UseCompressedOops                        = true                           {product lp64_product} {ergonomic}
     bool UseG1GC                                  = true                                      {product} {ergonomic}
     bool UseLargePagesIndividualAllocation        = false                                  {pd product} {ergonomic}

Logging:
Log output configuration:
 #0: stdout all=warning uptime,level,tags
 #1: stderr all=off uptime,level,tags

Environment Variables:
JAVA_HOME=C:\Program Files\Java\jdk-19
PATH=E:\VMWare\bin\;E:\PYTHON 3.12.2\Scripts\;E:\PYTHON 3.12.2\;C:\Program Files\Microsoft MPI\Bin\;C:\Program Files\Common Files\Oracle\Java\javapath;C:\Program Files\OpenJDK\jre-8.0.342.07-hotspot\bin;C:\Program Files\OpenJDK\jdk-8.0.342.07-hotspot\bin;C:\Windows\system32;C:\Windows;C:\Windows\System32\Wbem;C:\Windows\System32\WindowsPowerShell\v1.0\;C:\Windows\System32\OpenSSH\;C:\Program Files (x86)\NVIDIA Corporation\PhysX\Common;C:\Program Files\NVIDIA Corporation\NVIDIA NvDLISR;C:\WINDOWS\system32;C:\WINDOWS;C:\WINDOWS\System32\Wbem;C:\WINDOWS\System32\WindowsPowerShell\v1.0\;C:\WINDOWS\System32\OpenSSH\;C:\Program Files\Java\jdk-19\bin;C:\Program Files\Azure Data Studio\bin;C:\Program Files\swipl\bin;C:\Program Files\Git\cmd;C:\Program Files (x86)\Microsoft SQL Server\160\Tools\Binn\;C:\Program Files\Microsoft SQL Server\160\Tools\Binn\;C:\Program Files\Microsoft SQL Server\Client SDK\ODBC\170\Tools\Binn\;C:\Program Files\Microsoft SQL Server\160\DTS\Binn\;C:\Program Files (x86)\Microsoft SQL Server\160\DTS\Binn\;C:\Program Files\nodejs\;D:\XAAMP\php.exe;C:\Program Files\PowerShell\7\;C:\Users\WINDOWS 11\AppData\Local\Microsoft\WindowsApps;C:\Users\WINDOWS 11\AppData\Local\Programs\Microsoft VS Code\bin;C:\Program Files\Azure Data Studio\bin;C:\Users\WINDOWS 11\AppData\Roaming\npm;D:\php-8.3.3;C:\Users\WINDOWS 11\AppData\Roaming\Composer\vendor\bin;D:\SLEUTHKIT\sleuthkit-4.12.1-win32\bin;
USERNAME=WINDOWS 11
OS=Windows_NT
PROCESSOR_IDENTIFIER=Intel64 Family 6 Model 154 Stepping 4, GenuineIntel
TMP=C:\Users\WINDOW~1\AppData\Local\Temp
TEMP=C:\Users\WINDOW~1\AppData\Local\Temp



Periodic native trim disabled

JNI global refs:
JNI global refs: 0, weak refs: 0

JNI global refs memory usage: 0, weak refs: 0

Process memory usage:
Resident Set Size: 12336K (0% of 16495096K total physical memory with 1424512K free physical memory)

OOME stack traces (most recent first):
Classloader memory used:


---------------  S Y S T E M  ---------------

OS:
 Windows 11 , 64 bit Build 22621 (10.0.22621.3958)
OS uptime: 2 days 1:15 hours
Hyper-V role detected

CPU: total 12 (initial active 12) (6 cores per cpu, 2 threads per core) family 6 model 154 stepping 4 microcode 0x416, cx8, cmov, fxsr, ht, mmx, 3dnowpref, sse, sse2, sse3, ssse3, sse4.1, sse4.2, popcnt, lzcnt, tsc, tscinvbit, avx, avx2, aes, erms, clmul, bmi1, bmi2, adx, sha, fma, vzeroupper, clflush, clflushopt, clwb, hv
Processor Information for processor 0
  Max Mhz: 1700, Current Mhz: 1700, Mhz Limit: 1700
Processor Information for processor 1
  Max Mhz: 1700, Current Mhz: 1700, Mhz Limit: 1700
Processor Information for processor 2
  Max Mhz: 1700, Current Mhz: 1700, Mhz Limit: 1700
Processor Information for processor 3
  Max Mhz: 1700, Current Mhz: 1700, Mhz Limit: 1700
Processor Information for processor 4
  Max Mhz: 1700, Current Mhz: 1200, Mhz Limit: 1190
Processor Information for processor 5
  Max Mhz: 1700, Current Mhz: 1200, Mhz Limit: 1190
Processor Information for processor 6
  Max Mhz: 1700, Current Mhz: 1200, Mhz Limit: 1190
Processor Information for processor 7
  Max Mhz: 1700, Current Mhz: 1200, Mhz Limit: 1190
Processor Information for processor 8
  Max Mhz: 1700, Current Mhz: 1200, Mhz Limit: 1190
Processor Information for processor 9
  Max Mhz: 1700, Current Mhz: 1200, Mhz Limit: 1190
Processor Information for processor 10
  Max Mhz: 1700, Current Mhz: 1200, Mhz Limit: 1190
Processor Information for processor 11
  Max Mhz: 1700, Current Mhz: 1200, Mhz Limit: 1190

Memory: 4k page, system-wide physical 16108M (1391M free)
TotalPageFile size 25912M (AvailPageFile size 214M)
current process WorkingSet (physical memory assigned to process): 12M, peak: 12M
current process commit charge ("private bytes"): 64M, peak: 316M

vm_info: OpenJDK 64-Bit Server VM (17.0.11+0--11852314) for windows-amd64 JRE (17.0.11+0--11852314), built on May 16 2024 21:29:20 by "androidbuild" with MS VC++ 16.10 / 16.11 (VS2019)

END.
